Determining if the pthread_create exist failed with the following output:
Change Dir: /home/zhou/步兵开源/AIM_HUST/AIM_HUST/build/CMakeFiles/CMakeTmp

Run Build Command:"/usr/bin/ninja" "cmTC_cda2f"
[1/2] Building C object CMakeFiles/cmTC_cda2f.dir/CheckSymbolExists.c.o
[2/2] Linking C executable cmTC_cda2f
FAILED: cmTC_cda2f 
: && /usr/bin/x86_64-linux-gnu-gcc-7 -O0   CMakeFiles/cmTC_cda2f.dir/CheckSymbolExists.c.o  -o cmTC_cda2f   && :
CMakeFiles/cmTC_cda2f.dir/CheckSymbolExists.c.o: In function `main':
CheckSymbolExists.c:(.text+0x1b): undefined reference to `pthread_create'
collect2: error: ld returned 1 exit status
ninja: build stopped: subcommand failed.

File /home/zhou/步兵开源/AIM_HUST/AIM_HUST/build/CMakeFiles/CMakeTmp/CheckSymbolExists.c:
/* */
#include <pthread.h>

int main(int argc, char** argv)
{
  (void)argv;
#ifndef pthread_create
  return ((int*)(&pthread_create))[argc];
#else
  (void)argc;
  return 0;
#endif
}

Determining if the function pthread_create exists in the pthreads failed with the following output:
Change Dir: /home/zhou/步兵开源/AIM_HUST/AIM_HUST/build/CMakeFiles/CMakeTmp

Run Build Command:"/usr/bin/ninja" "cmTC_99074"
[1/2] Building C object CMakeFiles/cmTC_99074.dir/CheckFunctionExists.c.o
[2/2] Linking C executable cmTC_99074
FAILED: cmTC_99074 
: && /usr/bin/x86_64-linux-gnu-gcc-7 -O0 -DCHECK_FUNCTION_EXISTS=pthread_create   CMakeFiles/cmTC_99074.dir/CheckFunctionExists.c.o  -o cmTC_99074  -lpthreads && :
/usr/bin/ld: cannot find -lpthreads
collect2: error: ld returned 1 exit status
ninja: build stopped: subcommand failed.


